<?xml version="1.0" encoding="UTF-8"?>
<!-- Generated by org.testng.reporters.JUnitReportReporter -->
<testsuite skipped="0" hostname="WIN-0IQ12IEBH08" name="test.SearchManagementTest" tests="2" failures="0" timestamp="21 мар 2021 04:57:58 GMT" time="26.215" errors="0">
  <testcase name="canSearch" time="10.674" classname="test.SearchManagementTest"/>
  <testcase name="canChooseInSearchList" time="15.541" classname="test.SearchManagementTest"/>
</testsuite> <!-- test.SearchManagementTest -->
