<?xml version="1.0" encoding="UTF-8"?>
<!-- Generated by org.testng.reporters.JUnitReportReporter -->
<testsuite skipped="0" hostname="WIN-0IQ12IEBH08" name="test.ManagementTest" tests="4" failures="0" timestamp="21 мар 2021 04:57:58 GMT" time="91.953" errors="0">
  <testcase name="checkRegion" time="23.669" classname="test.ManagementTest"/>
  <testcase name="checkVMClass" time="21.636" classname="test.ManagementTest"/>
  <testcase name="checkCommitmentTerm" time="25.009" classname="test.ManagementTest"/>
  <testcase name="checkInstanceType" time="21.639" classname="test.ManagementTest"/>
</testsuite> <!-- test.ManagementTest -->
